<?xml version="1.0" encoding="UTF-8"?><testsuite errors="1" failures="0" name="Agregar empresa" skipped="0" tests="1" time="14.01" timestamp="2023-02-11 10:13:31"><testcase name="Agregar empresa pagadora"><error message="element not interactable&#10;  (Session info: chrome=110.0.5481.77)&#10;Build info: version: '3.141.59', revision: 'e82be7d358', time: '2018-11-14T08:17:03'&#10;System info: host: 'DESKTOP-NRLF3B1', ip: '192.168.128.2', os.name: 'Windows 10', os.arch: 'amd64', os.version: '10.0', java.version: '11.0.17'&#10;Driver info: org.openqa.selenium.chrome.ChromeDriver&#10;Capabilities {acceptInsecureCerts: false, browserName: chrome, browserVersion: 110.0.5481.77, chrome: {chromedriverVersion: 109.0.5414.74 (e7c5703604da..., userDataDir: E:\cache-rendimienro-ssd\sc...}, goog:chromeOptions: {debuggerAddress: localhost:50665}, javascriptEnabled: true, networkConnectionEnabled: false, pageLoadStrategy: normal, platform: WINDOWS, platformName: WINDOWS, proxy: Proxy(), setWindowRect: true, strictFileInteractability: false, timeouts: {implicit: 0, pageLoad: 300000, script: 30000}, unhandledPromptBehavior: dismiss and notify, webauthn:extension:credBlob: true, webauthn:extension:largeBlob: true, webauthn:virtualAuthenticators: true}&#10;Session ID: db1df1385cd8af3e7142e589d753c8dc" type="org.openqa.selenium.ElementNotInteractableException">element not interactable
  (Session info: chrome=110.0.5481.77)
Build info: version: '3.141.59', revision: 'e82be7d358', time: '2018-11-14T08:17:03'
System info: host: 'DESKTOP-NRLF3B1', ip: '192.168.128.2', os.name: 'Windows 10', os.arch: 'amd64', os.version: '10.0', java.version: '11.0.17'
Driver info: org.openqa.selenium.chrome.ChromeDriver
Capabilities {acceptInsecureCerts: false, browserName: chrome, browserVersion: 110.0.5481.77, chrome: {chromedriverVersion: 109.0.5414.74 (e7c5703604da..., userDataDir: E:\cache-rendimienro-ssd\sc...}, goog:chromeOptions: {debuggerAddress: localhost:50665}, javascriptEnabled: true, networkConnectionEnabled: false, pageLoadStrategy: normal, platform: WINDOWS, platformName: WINDOWS, proxy: Proxy(), setWindowRect: true, strictFileInteractability: false, timeouts: {implicit: 0, pageLoad: 300000, script: 30000}, unhandledPromptBehavior: dismiss and notify, webauthn:extension:credBlob: true, webauthn:extension:largeBlob: true, webauthn:virtualAuthenticators: true}
Session ID: db1df1385cd8af3e7142e589d753c8dc</error><system-err>element not interactable
  (Session info: chrome=110.0.5481.77)
Build info: version: '3.141.59', revision: 'e82be7d358', time: '2018-11-14T08:17:03'
System info: host: 'DESKTOP-NRLF3B1', ip: '192.168.128.2', os.name: 'Windows 10', os.arch: 'amd64', os.version: '10.0', java.version: '11.0.17'
Driver info: org.openqa.selenium.chrome.ChromeDriver
Capabilities {acceptInsecureCerts: false, browserName: chrome, browserVersion: 110.0.5481.77, chrome: {chromedriverVersion: 109.0.5414.74 (e7c5703604da..., userDataDir: E:\cache-rendimienro-ssd\sc...}, goog:chromeOptions: {debuggerAddress: localhost:50665}, javascriptEnabled: true, networkConnectionEnabled: false, pageLoadStrategy: normal, platform: WINDOWS, platformName: WINDOWS, proxy: Proxy(), setWindowRect: true, strictFileInteractability: false, timeouts: {implicit: 0, pageLoad: 300000, script: 30000}, unhandledPromptBehavior: dismiss and notify, webauthn:extension:credBlob: true, webauthn:extension:largeBlob: true, webauthn:virtualAuthenticators: true}
Session ID: db1df1385cd8af3e7142e589d753c8dc&#13;
co.com.bancodeoccidente.supplyfactor.taks.IngresarCredenciales.performAs(IngresarCorreo.java:34)&#13;
co.com.bancodeoccidente.supplyfactor.stepdefinitions.AgreagrEmpresaStepDefinitions.realiceLaAutenticacionConElUsuarioQueCuentaConPermisosDeCrearEmpresasPagadoras(AgreagrEmpresaStepDefinitions.java:35)&#13;
cucumber.runner.Runner.runPickle(Runner.java:80)&#13;
</system-err></testcase></testsuite>